2021-05-04 17:14:02,260:INFO:PyCaret Supervised Module
2021-05-04 17:14:02,260:INFO:ML Usecase: regression
2021-05-04 17:14:02,261:INFO:version 2.3.1
2021-05-04 17:14:02,261:INFO:Initializing setup()
2021-05-04 17:14:02,261:INFO:setup(target=charges, ml_usecase=regression, available_plots={'parameter': 'Hyperparameters', 'residuals': 'Residuals', 'error': 'Prediction Error', 'cooks': 'Cooks Distance', 'rfe': 'Feature Selection', 'learning': 'Learning Curve', 'manifold': 'Manifold Learning', 'vc': 'Validation Curve', 'feature': 'Feature Importance', 'feature_all': 'Feature Importance (All)', 'tree': 'Decision Tree', 'residuals_interactive': 'Interactive Residuals'}, train_size=0.7, test_data=None, preprocess=True, imputation_type=simple, iterative_imputation_iters=5, categorical_features=None, categorical_imputation=constant, categorical_iterative_imputer=lightgbm, ordinal_features=None, high_cardinality_features=None, high_cardinality_method=frequency, numeric_features=None, numeric_imputation=mean, numeric_iterative_imputer=lightgbm, date_features=None, ignore_features=None, normalize=True, normalize_method=zscore, transformation=False, transformation_method=yeo-johnson, handle_unknown_categorical=True, unknown_categorical_method=least_frequent, pca=False, pca_method=linear, pca_components=None, ignore_low_variance=False, combine_rare_levels=False, rare_level_threshold=0.1, bin_numeric_features=['age', 'bmi'], remove_outliers=False, outliers_threshold=0.05, remove_multicollinearity=False, multicollinearity_threshold=0.9, remove_perfect_collinearity=True, create_clusters=False, cluster_iter=20, polynomial_features=True, polynomial_degree=2, trigonometry_features=True, polynomial_threshold=0.1, group_features=None, group_names=None, feature_selection=False, feature_selection_threshold=0.8, feature_selection_method=classic, feature_interaction=True, feature_ratio=False, interaction_threshold=0.01, fix_imbalance=False, fix_imbalance_method=None, transform_target=False, transform_target_method=box-cox, data_split_shuffle=True, data_split_stratify=False, fold_strategy=kfold, fold=10, fold_shuffle=False, fold_groups=None, n_jobs=-1, use_gpu=False, custom_pipeline=None, html=True, session_id=123, log_experiment=False, experiment_name=None, log_plots=False, log_profile=False, log_data=False, silent=False, verbose=True, profile=False, profile_kwargs=None, display=None)
2021-05-04 17:14:02,262:INFO:Checking environment
2021-05-04 17:14:02,262:INFO:python_version: 3.8.3
2021-05-04 17:14:02,262:INFO:python_build: ('default', 'Jul  2 2020 17:30:36')
2021-05-04 17:14:02,262:INFO:machine: AMD64
2021-05-04 17:14:02,263:INFO:platform: Windows-10-10.0.19041-SP0
2021-05-04 17:14:02,264:INFO:Memory: svmem(total=8450043904, available=1257381888, percent=85.1, used=7192662016, free=1257381888)
2021-05-04 17:14:02,264:INFO:Physical Core: 2
2021-05-04 17:14:02,264:INFO:Logical Core: 4
2021-05-04 17:14:02,264:INFO:Checking libraries
2021-05-04 17:14:02,264:INFO:pd==1.2.0
2021-05-04 17:14:02,265:INFO:numpy==1.19.5
2021-05-04 17:14:02,265:INFO:sklearn==0.23.2
2021-05-04 17:14:02,265:INFO:lightgbm==3.2.1
2021-05-04 17:14:02,266:WARNING:catboost not found
2021-05-04 17:14:02,398:INFO:xgboost==1.2.0
2021-05-04 17:14:03,435:INFO:mlflow==1.16.0
2021-05-04 17:14:03,437:INFO:Checking Exceptions
2021-05-04 17:14:03,438:INFO:Declaring global variables
2021-05-04 17:14:03,438:INFO:USI: de4a
2021-05-04 17:14:03,438:INFO:pycaret_globals: {'X', '_gpu_n_jobs_param', 'imputation_regressor', 'log_plots_param', 'y_train', 'experiment__', 'logging_param', 'fold_shuffle_param', 'data_before_preprocess', 'create_model_container', 'fold_param', 'fix_imbalance_method_param', 'prep_pipe', 'exp_name_log', 'fold_generator', 'X_train', '_all_models_internal', '_all_models', 'pycaret_globals', '_available_plots', 'y_test', 'X_test', 'fold_groups_param', 'transform_target_param', 'target_param', '_internal_pipeline', '_ml_usecase', 'master_model_container', 'display_container', 'gpu_param', '_all_metrics', 'iterative_imputation_iters_param', 'USI', 'n_jobs_param', 'transform_target_method_param', 'imputation_classifier', 'html_param', 'seed', 'fold_groups_param_full', 'stratify_param', 'y', 'fix_imbalance_param'}
2021-05-04 17:14:03,438:INFO:Preparing display monitor
2021-05-04 17:14:03,438:INFO:Preparing display monitor
2021-05-04 17:14:03,482:INFO:Importing libraries
2021-05-04 17:14:03,482:INFO:Copying data for preprocessing
2021-05-04 17:14:03,510:INFO:Declaring preprocessing parameters
2021-05-04 17:14:03,522:INFO:Creating preprocessing pipeline
2021-05-04 17:14:03,554:INFO:Preprocessing pipeline created successfully
2021-05-04 17:14:03,555:ERROR:(Process Exit): setup has been interupted with user command 'quit'. setup must rerun.
2021-05-04 17:14:03,557:INFO:Creating global containers
2021-05-04 17:14:03,563:INFO:Internal pipeline: Pipeline(memory=None, steps=[('empty_step', 'passthrough')], verbose=False)
2021-05-04 17:14:08,756:WARNING:Couldn't import catboost.CatBoostRegressor
2021-05-04 17:14:08,912:WARNING:Couldn't import catboost.CatBoostRegressor
2021-05-04 17:14:08,912:INFO:Creating grid variables
2021-05-04 17:14:08,951:INFO:create_model_container: 0
2021-05-04 17:14:08,951:INFO:master_model_container: 0
2021-05-04 17:14:08,951:INFO:display_container: 1
2021-05-04 17:14:08,961:INFO:Pipeline(memory=None,
         steps=[('dtypes',
                 DataTypes_Auto_infer(categorical_features=[],
                                      display_types=True, features_todrop=[],
                                      id_columns=[], ml_usecase='regression',
                                      numerical_features=[], target='charges',
                                      time_features=[])),
                ('imputer',
                 Simple_Imputer(categorical_strategy='not_available',
                                fill_value_categorical=None,
                                fill_value_numerical=None,
                                numeric_strategy...
                ('dummy', Dummify(target='charges')),
                ('fix_perfect', Remove_100(target='charges')),
                ('clean_names', Clean_Colum_Names()),
                ('feature_select', 'passthrough'), ('fix_multi', 'passthrough'),
                ('dfs',
                 DFS_Classic(interactions=['multiply'], ml_usecase='regression',
                             n_jobs=-1, random_state=123, subclass='binary',
                             target='charges',
                             top_features_to_pick_percentage=None)),
                ('pca', 'passthrough')],
         verbose=False)
2021-05-04 17:14:08,961:INFO:setup() succesfully completed......................................
2021-05-04 17:15:24,198:INFO:Initializing create_model()
2021-05-04 17:15:24,199:INFO:create_model(estimator=lr, fold=None, round=4, cross_validation=True, predict=True, fit_kwargs=None, groups=None, refit=True, verbose=True, system=True, metrics=None, display=None, kwargs={})
2021-05-04 17:15:24,199:INFO:Checking exceptions
2021-05-04 17:15:24,200:INFO:Preparing display monitor
2021-05-04 17:15:24,234:INFO:Importing libraries
2021-05-04 17:15:24,234:INFO:Copying training dataset
2021-05-04 17:15:24,236:INFO:Defining folds
2021-05-04 17:15:24,236:INFO:Declaring metric variables
2021-05-04 17:15:24,262:INFO:Importing untrained model
2021-05-04 17:15:24,277:INFO:Linear Regression Imported succesfully
2021-05-04 17:15:24,322:INFO:Starting cross validation
2021-05-04 17:15:24,336:INFO:Cross validating with KFold(n_splits=10, random_state=None, shuffle=False), n_jobs=-1
2021-05-04 17:15:31,113:INFO:Calculating mean and std
2021-05-04 17:15:31,115:INFO:Creating metrics dataframe
2021-05-04 17:15:31,152:INFO:Finalizing model
2021-05-04 17:15:31,202:INFO:Uploading results into container
2021-05-04 17:15:31,202:INFO:Uploading model into container now
2021-05-04 17:15:31,311:INFO:create_model_container: 1
2021-05-04 17:15:31,311:INFO:master_model_container: 1
2021-05-04 17:15:31,311:INFO:display_container: 2
2021-05-04 17:15:31,311:INFO:LinearRegression(copy_X=True, fit_intercept=True, n_jobs=-1, normalize=False)
2021-05-04 17:15:31,312:INFO:create_model() succesfully completed......................................
2021-05-04 17:16:09,598:INFO:Initializing plot_model()
2021-05-04 17:16:09,599:INFO:plot_model(plot=residuals, fold=None, use_train_data=False, verbose=True, is_in_evaluate=False, display=None, display_format=None, estimator=LinearRegression(copy_X=True, fit_intercept=True, n_jobs=-1, normalize=False), feature_name=None, fit_kwargs=None, groups=None, label=False, save=False, scale=1, system=True)
2021-05-04 17:16:09,599:INFO:Checking exceptions
2021-05-04 17:16:09,599:INFO:Preparing display monitor
2021-05-04 17:16:09,610:INFO:Preloading libraries
2021-05-04 17:16:09,612:INFO:Copying training dataset
2021-05-04 17:16:09,613:INFO:Copying test dataset
2021-05-04 17:16:09,614:INFO:Plot type: residuals
2021-05-04 17:16:09,829:INFO:Fitting Model
2021-05-04 17:16:09,871:INFO:Scoring test/hold-out set
2021-05-04 17:16:11,097:INFO:Visual Rendered Successfully
2021-05-04 17:16:11,235:INFO:plot_model() succesfully completed......................................
2021-05-04 17:19:00,044:INFO:Initializing save_model()
2021-05-04 17:19:00,044:INFO:save_model(model=LinearRegression(copy_X=True, fit_intercept=True, n_jobs=-1, normalize=False), model_name=deploy_some_model, prep_pipe_=Pipeline(memory=None,
         steps=[('dtypes',
                 DataTypes_Auto_infer(categorical_features=[],
                                      display_types=True, features_todrop=[],
                                      id_columns=[], ml_usecase='regression',
                                      numerical_features=[], target='charges',
                                      time_features=[])),
                ('imputer',
                 Simple_Imputer(categorical_strategy='not_available',
                                fill_value_categorical=None,
                                fill_value_numerical=None,
                                numeric_strategy...
                ('dummy', Dummify(target='charges')),
                ('fix_perfect', Remove_100(target='charges')),
                ('clean_names', Clean_Colum_Names()),
                ('feature_select', 'passthrough'), ('fix_multi', 'passthrough'),
                ('dfs',
                 DFS_Classic(interactions=['multiply'], ml_usecase='regression',
                             n_jobs=-1, random_state=123, subclass='binary',
                             target='charges',
                             top_features_to_pick_percentage=None)),
                ('pca', 'passthrough')],
         verbose=False), verbose=True, kwargs={})
2021-05-04 17:19:00,044:INFO:Adding model into prep_pipe
2021-05-04 17:19:00,094:INFO:deploy_some_model.pkl saved in current working directory
2021-05-04 17:19:00,119:INFO:Pipeline(memory=None,
         steps=[('dtypes',
                 DataTypes_Auto_infer(categorical_features=[],
                                      display_types=True, features_todrop=[],
                                      id_columns=[], ml_usecase='regression',
                                      numerical_features=[], target='charges',
                                      time_features=[])),
                ('imputer',
                 Simple_Imputer(categorical_strategy='not_available',
                                fill_value_categorical=None,
                                fill_value_numerical=None,
                                numeric_strategy...
                ('feature_select', 'passthrough'), ('fix_multi', 'passthrough'),
                ('dfs',
                 DFS_Classic(interactions=['multiply'], ml_usecase='regression',
                             n_jobs=-1, random_state=123, subclass='binary',
                             target='charges',
                             top_features_to_pick_percentage=None)),
                ('pca', 'passthrough'),
                ['trained_model',
                 LinearRegression(copy_X=True, fit_intercept=True, n_jobs=-1,
                                  normalize=False)]],
         verbose=False)
2021-05-04 17:19:00,119:INFO:save_model() succesfully completed......................................
2021-05-04 17:36:29,298:INFO:Initializing load_model()
2021-05-04 17:36:29,299:INFO:load_model(model_name=deploy_some_model, platform=None, authentication=None, verbose=True)
2021-05-04 17:37:14,612:INFO:Initializing load_model()
2021-05-04 17:37:14,614:INFO:load_model(model_name=deploy_some_model, platform=None, authentication=None, verbose=True)
2021-05-04 17:37:41,469:INFO:Initializing load_model()
2021-05-04 17:37:41,470:INFO:load_model(model_name=deploy_some_model, platform=None, authentication=None, verbose=True)
2021-05-05 10:39:39,896:INFO:PyCaret Supervised Module
2021-05-05 10:39:39,896:INFO:ML Usecase: regression
2021-05-05 10:39:39,897:INFO:version 2.3.1
2021-05-05 10:39:39,897:INFO:Initializing setup()
2021-05-05 10:39:39,897:INFO:setup(target=charges, ml_usecase=regression, available_plots={'parameter': 'Hyperparameters', 'residuals': 'Residuals', 'error': 'Prediction Error', 'cooks': 'Cooks Distance', 'rfe': 'Feature Selection', 'learning': 'Learning Curve', 'manifold': 'Manifold Learning', 'vc': 'Validation Curve', 'feature': 'Feature Importance', 'feature_all': 'Feature Importance (All)', 'tree': 'Decision Tree', 'residuals_interactive': 'Interactive Residuals'}, train_size=0.7, test_data=None, preprocess=True, imputation_type=simple, iterative_imputation_iters=5, categorical_features=None, categorical_imputation=constant, categorical_iterative_imputer=lightgbm, ordinal_features=None, high_cardinality_features=None, high_cardinality_method=frequency, numeric_features=None, numeric_imputation=mean, numeric_iterative_imputer=lightgbm, date_features=None, ignore_features=None, normalize=True, normalize_method=zscore, transformation=False, transformation_method=yeo-johnson, handle_unknown_categorical=True, unknown_categorical_method=least_frequent, pca=False, pca_method=linear, pca_components=None, ignore_low_variance=False, combine_rare_levels=False, rare_level_threshold=0.1, bin_numeric_features=['age', 'bmi'], remove_outliers=False, outliers_threshold=0.05, remove_multicollinearity=False, multicollinearity_threshold=0.9, remove_perfect_collinearity=True, create_clusters=False, cluster_iter=20, polynomial_features=True, polynomial_degree=2, trigonometry_features=True, polynomial_threshold=0.1, group_features=None, group_names=None, feature_selection=False, feature_selection_threshold=0.8, feature_selection_method=classic, feature_interaction=True, feature_ratio=False, interaction_threshold=0.01, fix_imbalance=False, fix_imbalance_method=None, transform_target=False, transform_target_method=box-cox, data_split_shuffle=True, data_split_stratify=False, fold_strategy=kfold, fold=10, fold_shuffle=False, fold_groups=None, n_jobs=-1, use_gpu=False, custom_pipeline=None, html=True, session_id=123, log_experiment=False, experiment_name=None, log_plots=False, log_profile=False, log_data=False, silent=False, verbose=True, profile=False, profile_kwargs=None, display=None)
2021-05-05 10:39:39,898:INFO:Checking environment
2021-05-05 10:39:39,898:INFO:python_version: 3.8.3
2021-05-05 10:39:39,898:INFO:python_build: ('default', 'Jul  2 2020 17:30:36')
2021-05-05 10:39:39,898:INFO:machine: AMD64
2021-05-05 10:39:39,899:INFO:platform: Windows-10-10.0.19041-SP0
2021-05-05 10:39:39,899:INFO:Memory: svmem(total=8450043904, available=2601250816, percent=69.2, used=5848793088, free=2601250816)
2021-05-05 10:39:39,899:INFO:Physical Core: 2
2021-05-05 10:39:39,899:INFO:Logical Core: 4
2021-05-05 10:39:39,900:INFO:Checking libraries
2021-05-05 10:39:39,900:INFO:pd==1.2.0
2021-05-05 10:39:39,900:INFO:numpy==1.19.5
2021-05-05 10:39:39,900:INFO:sklearn==0.23.2
2021-05-05 10:39:39,901:INFO:lightgbm==3.2.1
2021-05-05 10:39:39,903:WARNING:catboost not found
2021-05-05 10:39:40,002:INFO:xgboost==1.2.0
2021-05-05 10:39:40,918:INFO:mlflow==1.16.0
2021-05-05 10:39:40,919:INFO:Checking Exceptions
2021-05-05 10:39:40,929:INFO:Declaring global variables
2021-05-05 10:39:40,930:INFO:USI: 6a04
2021-05-05 10:39:40,930:INFO:pycaret_globals: {'_ml_usecase', 'logging_param', 'fold_shuffle_param', 'stratify_param', 'transform_target_param', 'iterative_imputation_iters_param', 'fold_generator', 'log_plots_param', 'y', 'fold_groups_param', 'fix_imbalance_param', 'prep_pipe', '_all_models_internal', '_available_plots', 'pycaret_globals', 'exp_name_log', 'create_model_container', 'X_train', 'imputation_regressor', 'fold_param', 'imputation_classifier', 'data_before_preprocess', 'gpu_param', 'display_container', 'y_test', 'fix_imbalance_method_param', 'fold_groups_param_full', '_all_models', '_all_metrics', 'n_jobs_param', 'y_train', 'target_param', 'master_model_container', 'X_test', 'X', '_gpu_n_jobs_param', '_internal_pipeline', 'seed', 'experiment__', 'html_param', 'transform_target_method_param', 'USI'}
2021-05-05 10:39:40,930:INFO:Preparing display monitor
2021-05-05 10:39:40,930:INFO:Preparing display monitor
2021-05-05 10:39:40,987:INFO:Importing libraries
2021-05-05 10:39:40,988:INFO:Copying data for preprocessing
2021-05-05 10:39:41,007:INFO:Declaring preprocessing parameters
2021-05-05 10:39:41,014:INFO:Creating preprocessing pipeline
2021-05-05 10:39:41,032:INFO:Preprocessing pipeline created successfully
2021-05-05 10:39:41,032:ERROR:(Process Exit): setup has been interupted with user command 'quit'. setup must rerun.
2021-05-05 10:39:41,033:INFO:Creating global containers
2021-05-05 10:39:41,036:INFO:Internal pipeline: Pipeline(memory=None, steps=[('empty_step', 'passthrough')], verbose=False)
2021-05-05 10:39:45,741:WARNING:Couldn't import catboost.CatBoostRegressor
2021-05-05 10:39:45,910:WARNING:Couldn't import catboost.CatBoostRegressor
2021-05-05 10:39:45,910:INFO:Creating grid variables
2021-05-05 10:39:45,946:INFO:create_model_container: 0
2021-05-05 10:39:45,946:INFO:master_model_container: 0
2021-05-05 10:39:45,946:INFO:display_container: 1
2021-05-05 10:39:45,962:INFO:Pipeline(memory=None,
         steps=[('dtypes',
                 DataTypes_Auto_infer(categorical_features=[],
                                      display_types=True, features_todrop=[],
                                      id_columns=[], ml_usecase='regression',
                                      numerical_features=[], target='charges',
                                      time_features=[])),
                ('imputer',
                 Simple_Imputer(categorical_strategy='not_available',
                                fill_value_categorical=None,
                                fill_value_numerical=None,
                                numeric_strategy...
                ('dummy', Dummify(target='charges')),
                ('fix_perfect', Remove_100(target='charges')),
                ('clean_names', Clean_Colum_Names()),
                ('feature_select', 'passthrough'), ('fix_multi', 'passthrough'),
                ('dfs',
                 DFS_Classic(interactions=['multiply'], ml_usecase='regression',
                             n_jobs=-1, random_state=123, subclass='binary',
                             target='charges',
                             top_features_to_pick_percentage=None)),
                ('pca', 'passthrough')],
         verbose=False)
2021-05-05 10:39:45,962:INFO:setup() succesfully completed......................................
2021-05-05 10:39:46,069:INFO:Initializing create_model()
2021-05-05 10:39:46,069:INFO:create_model(estimator=lr, fold=None, round=4, cross_validation=True, predict=True, fit_kwargs=None, groups=None, refit=True, verbose=True, system=True, metrics=None, display=None, kwargs={})
2021-05-05 10:39:46,070:INFO:Checking exceptions
2021-05-05 10:39:46,070:INFO:Preparing display monitor
2021-05-05 10:39:46,155:INFO:Importing libraries
2021-05-05 10:39:46,156:INFO:Copying training dataset
2021-05-05 10:39:46,158:INFO:Defining folds
2021-05-05 10:39:46,158:INFO:Declaring metric variables
2021-05-05 10:39:46,187:INFO:Importing untrained model
2021-05-05 10:39:46,212:INFO:Linear Regression Imported succesfully
2021-05-05 10:39:46,248:INFO:Starting cross validation
2021-05-05 10:39:46,265:INFO:Cross validating with KFold(n_splits=10, random_state=None, shuffle=False), n_jobs=-1
2021-05-05 10:39:52,937:INFO:Calculating mean and std
2021-05-05 10:39:52,939:INFO:Creating metrics dataframe
2021-05-05 10:39:52,961:INFO:Finalizing model
2021-05-05 10:39:52,989:INFO:Uploading results into container
2021-05-05 10:39:52,989:INFO:Uploading model into container now
2021-05-05 10:39:53,032:INFO:create_model_container: 1
2021-05-05 10:39:53,032:INFO:master_model_container: 1
2021-05-05 10:39:53,033:INFO:display_container: 2
2021-05-05 10:39:53,033:INFO:LinearRegression(copy_X=True, fit_intercept=True, n_jobs=-1, normalize=False)
2021-05-05 10:39:53,034:INFO:create_model() succesfully completed......................................
2021-05-05 10:39:53,137:INFO:Initializing plot_model()
2021-05-05 10:39:53,138:INFO:plot_model(plot=residuals, fold=None, use_train_data=False, verbose=True, is_in_evaluate=False, display=None, display_format=None, estimator=LinearRegression(copy_X=True, fit_intercept=True, n_jobs=-1, normalize=False), feature_name=None, fit_kwargs=None, groups=None, label=False, save=False, scale=1, system=True)
2021-05-05 10:39:53,138:INFO:Checking exceptions
2021-05-05 10:39:53,139:INFO:Preparing display monitor
2021-05-05 10:39:53,181:INFO:Preloading libraries
2021-05-05 10:39:53,186:INFO:Copying training dataset
2021-05-05 10:39:53,186:INFO:Copying test dataset
2021-05-05 10:39:53,188:INFO:Plot type: residuals
2021-05-05 10:39:53,416:INFO:Fitting Model
2021-05-05 10:39:53,474:INFO:Scoring test/hold-out set
2021-05-05 10:39:54,757:INFO:Visual Rendered Successfully
2021-05-05 10:39:54,833:INFO:plot_model() succesfully completed......................................
2021-05-05 11:17:30,577:INFO:Initializing load_model()
2021-05-05 11:17:30,577:INFO:load_model(model_name=deploy_some_model, platform=None, authentication=None, verbose=True)
2021-05-05 11:18:45,821:INFO:Initializing load_model()
2021-05-05 11:18:45,822:INFO:load_model(model_name=deploy_some_model, platform=None, authentication=None, verbose=True)
2021-05-05 11:19:04,344:INFO:Initializing load_model()
2021-05-05 11:19:04,345:INFO:load_model(model_name=deploy_some_model, platform=None, authentication=None, verbose=True)
2021-05-05 11:19:40,281:INFO:Initializing load_model()
2021-05-05 11:19:40,282:INFO:load_model(model_name=deploy_some_model, platform=None, authentication=None, verbose=True)
2021-05-05 11:26:41,586:INFO:Initializing load_model()
2021-05-05 11:26:41,587:INFO:load_model(model_name=deploy_some_model, platform=None, authentication=None, verbose=True)
2021-05-05 11:28:15,566:INFO:Initializing load_model()
2021-05-05 11:28:15,566:INFO:load_model(model_name=deploy_some_model, platform=None, authentication=None, verbose=True)
2021-05-05 11:31:01,616:INFO:Initializing load_model()
2021-05-05 11:31:01,617:INFO:load_model(model_name=deploy_some_model, platform=None, authentication=None, verbose=True)
2021-05-05 11:31:22,716:INFO:Initializing load_model()
2021-05-05 11:31:22,717:INFO:load_model(model_name=deploy_some_model, platform=None, authentication=None, verbose=True)
2021-05-05 11:31:30,455:INFO:Initializing load_model()
2021-05-05 11:31:30,455:INFO:load_model(model_name=deploy_some_model, platform=None, authentication=None, verbose=True)
2021-05-05 11:31:30,571:INFO:Initializing predict_model()
2021-05-05 11:31:30,572:INFO:predict_model(estimator=Pipeline(steps=[('dtypes',
                 DataTypes_Auto_infer(ml_usecase='regression',
                                      target='charges')),
                ('imputer',
                 Simple_Imputer(categorical_strategy='not_available',
                                fill_value_categorical=None,
                                fill_value_numerical=None,
                                numeric_strategy='mean',
                                target_variable=None)),
                ('new_levels1',
                 New_Catagorical_Levels_in_TestData(replacement_strategy='least '
                                                                         'frequent',
                                                    target=...
                ('fix_perfect', Remove_100(target='charges')),
                ('clean_names', Clean_Colum_Names()),
                ('feature_select', 'passthrough'), ('fix_multi', 'passthrough'),
                ('dfs',
                 DFS_Classic(interactions=['multiply'], ml_usecase='regression',
                             n_jobs=-1, random_state=123, subclass='binary',
                             target='charges',
                             top_features_to_pick_percentage=None)),
                ('pca', 'passthrough'),
                ['trained_model', LinearRegression(n_jobs=-1)]]), probability_threshold=None, encoded_labels=True, raw_score=False, round=4, verbose=True, ml_usecase=MLUsecase.REGRESSION, display=None)
2021-05-05 11:31:30,574:INFO:Checking exceptions
2021-05-05 11:31:30,575:INFO:Preloading libraries
2021-05-05 11:31:45,715:INFO:Initializing load_model()
2021-05-05 11:31:45,717:INFO:load_model(model_name=deploy_some_model, platform=None, authentication=None, verbose=True)
2021-05-05 11:31:47,136:INFO:Initializing load_model()
2021-05-05 11:31:47,136:INFO:load_model(model_name=deploy_some_model, platform=None, authentication=None, verbose=True)
2021-05-05 11:33:07,695:INFO:Initializing load_model()
2021-05-05 11:33:07,695:INFO:load_model(model_name=deploy_some_model, platform=None, authentication=None, verbose=True)
2021-05-05 11:34:48,663:INFO:Initializing load_model()
2021-05-05 11:34:48,664:INFO:load_model(model_name=deploy_some_model, platform=None, authentication=None, verbose=True)
2021-05-05 11:37:20,953:INFO:Initializing load_model()
2021-05-05 11:37:20,953:INFO:load_model(model_name=deploy_some_model, platform=None, authentication=None, verbose=True)
2021-05-05 11:37:32,856:INFO:Initializing load_model()
2021-05-05 11:37:32,857:INFO:load_model(model_name=deploy_some_model, platform=None, authentication=None, verbose=True)
2021-05-05 11:37:35,759:INFO:Initializing load_model()
2021-05-05 11:37:35,759:INFO:load_model(model_name=deploy_some_model, platform=None, authentication=None, verbose=True)
2021-05-05 11:37:45,592:INFO:Initializing load_model()
2021-05-05 11:37:45,593:INFO:load_model(model_name=deploy_some_model, platform=None, authentication=None, verbose=True)
2021-05-05 11:37:49,420:INFO:Initializing load_model()
2021-05-05 11:37:49,421:INFO:load_model(model_name=deploy_some_model, platform=None, authentication=None, verbose=True)
2021-05-05 11:37:53,977:INFO:Initializing load_model()
2021-05-05 11:37:53,978:INFO:load_model(model_name=deploy_some_model, platform=None, authentication=None, verbose=True)
2021-05-05 11:37:55,596:INFO:Initializing load_model()
2021-05-05 11:37:55,596:INFO:load_model(model_name=deploy_some_model, platform=None, authentication=None, verbose=True)
2021-05-05 11:37:55,676:INFO:Initializing predict_model()
2021-05-05 11:37:55,677:INFO:predict_model(estimator=Pipeline(steps=[('dtypes',
                 DataTypes_Auto_infer(ml_usecase='regression',
                                      target='charges')),
                ('imputer',
                 Simple_Imputer(categorical_strategy='not_available',
                                fill_value_categorical=None,
                                fill_value_numerical=None,
                                numeric_strategy='mean',
                                target_variable=None)),
                ('new_levels1',
                 New_Catagorical_Levels_in_TestData(replacement_strategy='least '
                                                                         'frequent',
                                                    target=...
                ('fix_perfect', Remove_100(target='charges')),
                ('clean_names', Clean_Colum_Names()),
                ('feature_select', 'passthrough'), ('fix_multi', 'passthrough'),
                ('dfs',
                 DFS_Classic(interactions=['multiply'], ml_usecase='regression',
                             n_jobs=-1, random_state=123, subclass='binary',
                             target='charges',
                             top_features_to_pick_percentage=None)),
                ('pca', 'passthrough'),
                ['trained_model', LinearRegression(n_jobs=-1)]]), probability_threshold=None, encoded_labels=True, raw_score=False, round=4, verbose=True, ml_usecase=MLUsecase.REGRESSION, display=None)
2021-05-05 11:37:55,678:INFO:Checking exceptions
2021-05-05 11:37:55,680:INFO:Preloading libraries
